{"level":"error"}
{"level":"error"}
{"level":"error"}
{"level":"error"}
{"level":"error"}
{"level":"error"}
{"level":"error"}
{"level":"error"}
{"level":"error"}
{"kind":"string","message":"Cast to string failed for value \"{ email: 'marigonza@gmail.com' }\" (type Object) at path \"email\" for model \"Users\"","name":"CastError","path":"email","reason":null,"stringValue":"\"{ email: 'marigonza@gmail.com' }\"","value":{"email":"marigonza@gmail.com"},"valueType":"Object"}
{"kind":"string","message":"Cast to string failed for value \"{ email: 'marigonza@gmail.com' }\" (type Object) at path \"email\" for model \"Users\"","name":"CastError","path":"email","reason":null,"stringValue":"\"{ email: 'marigonza@gmail.com' }\"","value":{"email":"marigonza@gmail.com"},"valueType":"Object"}
{"code":11000,"index":0,"keyPattern":{"title":1},"keyValue":{"title":"test"},"level":"error"}
{"_message":"Products validation failed","errors":{"owner":{"kind":"required","message":"Path `owner` is required.","name":"ValidatorError","path":"owner","properties":{"message":"Path `owner` is required.","path":"owner","type":"required","value":""},"value":""}},"level":"error","message":"Products validation failed: owner: Path `owner` is required.","name":"ValidationError"}
{"_message":"Products validation failed","errors":{"owner":{"kind":"required","message":"Path `owner` is required.","name":"ValidatorError","path":"owner","properties":{"message":"Path `owner` is required.","path":"owner","type":"required","value":""},"value":""}},"level":"error","message":"Products validation failed: owner: Path `owner` is required.","name":"ValidationError"}
{"_message":"Products validation failed","errors":{"owner":{"kind":"required","message":"Path `owner` is required.","name":"ValidatorError","path":"owner","properties":{"message":"Path `owner` is required.","path":"owner","type":"required","value":""},"value":""}},"level":"error","message":"Products validation failed: owner: Path `owner` is required.","name":"ValidationError"}
{"code":11000,"index":0,"keyPattern":{"title":1},"keyValue":{"title":"test"},"level":"error"}
{"code":11000,"index":0,"keyPattern":{"title":1},"keyValue":{"title":"test"},"level":"error"}
{"code":11000,"index":0,"keyPattern":{"title":1},"keyValue":{"title":"test"},"level":"error"}
{"kind":"ObjectId","message":"Cast to ObjectId failed for value \"test\" (type string) at path \"_id\" for model \"Products\"","name":"CastError","path":"_id","reason":{},"stringValue":"\"test\"","value":"test","valueType":"string"}
{"kind":"ObjectId","message":"Cast to ObjectId failed for value \"test\" (type string) at path \"_id\" for model \"Products\"","name":"CastError","path":"_id","reason":{},"stringValue":"\"test\"","value":"test","valueType":"string"}
{"kind":"ObjectId","message":"Cast to ObjectId failed for value \"test\" (type string) at path \"_id\" for model \"Products\"","name":"CastError","path":"_id","reason":{},"stringValue":"\"test\"","value":"test","valueType":"string"}
{"level":"error"}
